    1  00:01  ls
    2  00:01  python print.py
    3  00:01  cd
    4  00:01  ls
    5  00:01  python
    6  00:01  python3
    7  00:01  python3 --version
    8  00:01  cd Desktop
    9  00:01  python3 print.py
   10  00:01  cd
   11  00:01  sudo powermetrics | grep -e "CPU die temperature"
   12  00:01  sudo powermetrics
   13  00:01  git log
   14  00:01  python
   15  00:01  python mergeJtoP.py
   16  00:01  pip install PyPDF2
   17  00:01  python mergeJtoP.py
   18  00:01  pip list
   19  00:01  python -c "import site; print (site.getsitepackages())"\n
   20  00:01  pip install jupyter
   21  00:01  jupyter notebook
   22  00:01  cd documents
   23  00:01  ls
   24  00:01  git clone https://github.com/keisukeoyamada/exchangerJtoP.git
   25  00:01  ls
   26  00:01  cd exchangerJtoP
   27  00:01  ls
   28  00:01  git log
   29  00:01  python mergeJtoP.py
   30  00:01  python
   31  00:01  ls
   32  00:01  pyenv
   33  00:01  pyenv versions
   34  00:01  python
   35  00:01  cat ~/.zshrc
   36  00:01  cat ~/.zshrc
   37  00:01  echo 'export PYENV_ROOT="$HOME/.pyenv"' >> ~/.zshrc
   38  00:01  echo 'export PATH="$PYENV_ROOT/bin:$PATH"' >> ~/.zshrc
   39  00:01  $ 
   40  00:01  echo 'eval "$(pyenv init -)"' >> ~/.zshrc
   41  00:01  cat ~/.zshrc
   42  00:01  source ~/.zshrc
   43  00:01  python
   44  00:01  python mergeJtoP.py
   45  00:01  pip list
   46  00:01  pip install pillow
   47  00:01  python mergeJtoP.py
   48  00:01  pip install img2pdf
   49  00:01  -m pip install --upgrade pip
   50  00:01   pip install --upgrade pip
   51  00:01  ls
   52  00:01  nvim
   53  00:01  pip list
   54  00:01  pip install pillow_heif
   55  00:01  pip list
   56  00:01  python
   57  00:01  pyenv versions
   58  00:01  python exchangerHtoJ.py
   59  00:01  python exchangerHtoJ.py
   60  00:01  python exchangerHtoJ.py
   61  00:01  python exchangerHtoJ.py
   62  00:01  python exchangerHtoJ.py
   63  00:01  python exchangerHtoJ.py
   64  00:01  python exchangerHtoJ.py
   65  00:01  python exchangerHtoJ.py
   66  00:01  python exchangerHtoJ.py
   67  00:01  python exchangerHtoJ.py
   68  00:01  python exchangerHtoJ.py
   69  00:01  python exchangerHtoJ.py
   70  00:01  pip install numpy
   71  00:01  pip install matplotlib
   72  00:01  pip list
   73  00:01  ipython
   74  00:01  ipython kernel
   75  00:01  cd Documents
   76  00:01  cd document
   77  00:01  ls
   78  00:01  cd Documents
   79  00:01  vi slide_test.txt
   80  00:01  vi slide_test.txt
   81  00:01  ls
   82  00:01  vi 20240617_slide_test.txt
   83  00:01  vi 20240617_slide_test.txt
   84  00:01  vi 20240617_slide_testz_2.txt
   85  00:01  vi 20240617_slide_testz_2.txt
   86  00:01  /usr/bin/python3 /Users/keisuke/.vscode/extensions/ms-python.python-2024.8.1/python_files/printEnvVariablesToFile.py /Users/keisuke/.vscode/extensions/ms-python.python-2024.8.1/python_files/deactivate/zsh/envVars.txt
   87  00:01  /usr/bin/python3 /Users/keisuke/.vscode/extensions/ms-python.python-2024.8.1/python_files/printEnvVariablesToFile.py /Users/keisuke/.vscode/extensions/ms-python.python-2024.8.1/python_files/deactivate/zsh/envVars.txt
   88  00:01  ec2-54-199-190-155.ap-northeast-1.compute.amazonaws.com
   89  00:01  ec2-54-199-190-155.ap-northeast-1.compute.amazonaws.com
   90  00:01  ssh -i "udemysample.pem" root@ec2-54-199-190-155.ap-northeast-1.compute.amazonaws.com
   91  00:01  cd ~/.ssh/
   92  00:01  ssh -i ~/.ssh/udemysample.pem root@54.199.190.155 -y
   93  00:01  ssh -i ~/.ssh/udemysample.pem ec2-user@54.199.190.155 -y
   94  00:01  cd ~/.ssh
   95  00:01  touch ~/.ssh/config
   96  00:01  touch ~/.config
   97  00:01  touch config
   98  00:01  chmod 700 ~/.ssh\n$ chmod 600 ~/.ssh/*
   99  00:01  chmod 700 ~/.ssh
  100  00:01  chmod 600 ~/.ssh/*
  101  00:01  vim ~/.ssh/config
  102  00:01  touch ssh_config
  103  00:01  touch config
  104  00:01  vi vonfig
  105  00:01  vi 20240621_ssh_command.txt
  106  00:01  ssh -i "udemysample.pem" i-0a47ad916a08da495
  107  00:01  ssh -i "udemysample.pem" User@i-0a47ad916a08da495
  108  00:01  ssh -i "udemysample.pem" User@ec2-54-199-190-155.ap-northeast-1.compute.amazonaws.com
  109  00:01  ssh -i "udemysample.pem" User@ec2-54-199-190-155.ap-northeast-1.compute.amazonaws.com
  110  00:01  ssh -i "udemysample.pem" root@ec2-54-199-190-155.ap-northeast-1.compute.amazonaws.com
  111  00:01  ssh -i "udemysample.pem" root@ec2-54-199-190-155.ap-northeast-1.compute.amazonaws.com
  112  00:01  ssh -i "udemysample.pem" root@ec2-54-199-190-155.ap-northeast-1.compute.amazonaws.com
  113  00:01  ssh -i "udemysample.pem" root@ec2-54-199-190-155.ap-northeast-1.compute.amazonaws.com
  114  00:01  ssh -i "udemysample.pem" root@ec2-54-199-190-155.ap-northeast-1.compute.amazonaws.com
  115  00:01  ssh -i "udemysample.pem" keisuke@ec2-54-199-190-155.ap-northeast-1.compute.amazonaws.com
  116  00:01  cd ~/.ssh/
  117  00:01  ls
  118  00:01  mkdir ~/.ssh/config
  119  00:01  ls
  120  00:01  cp ./udemysample.pem ~/.ssh/
  121  00:01  cp /Users/keisuke/Library/CloudStorage/SynologyDrive-ondemnd/SynologyDrive/N01_Projects/2023_accenture/AWS_practitioner/udemysample.pem ~/.ssh/
  122  00:01  ls
  123  00:01  ssh -i ~/.ssh/udemysample.pem ec2-user@54.199.190.155 -y
  124  00:01  vi mac_command_memo.txt
  125  00:01  vi mac_command_memo.txt
  126  00:01  cd ~
  127  00:01  scp /Users/keisuke/.ssh/udemysample.pem /Users/keisuke/Li\nbrary/CloudStorage/SynologyDrive-ondemnd/SynologyDrive/N01_Projects/2023_accenture/AWS_p\nractitioner/icon.jpeg /var/www/html
  128  00:01  scp /Users/keisuke/.ssh/udemysample.pem /Users/keisuke/Li\nbrary/CloudStorage/SynologyDrive-ondemnd/SynologyDrive/N01_Projects/2023_accenture/AWS_p\nractitioner/icon.jpeg /var/www/html
  129  00:01  scp /Users/keisuke/.ssh/udemysample.pem /Users/keisuke/Library/CloudStorage/SynologyDrive-ondemnd/SynologyDrive/N01_Projects/2023_accenture/AWS_p\nractitioner/icon.jpeg /var/www/html
  130  00:01  scp /Users/keisuke/.ssh/udemysample.pem /Users/keisuke/Library/CloudStorage/SynologyDrive-ondemnd/SynologyDrive/N01_Projects/2023_accenture/AWS_practitioner/icon.jpeg /var/www/html
  131  00:01  scp /Users/keisuke/.ssh/udemysample.pem /Users/keisuke/Library/CloudStorage/SynologyDrive-ondemnd/SynologyDrive/N01_Projects/2023_accenture/AWS_practitioner/icon.jpeg ec2-user@54.199.190.155:/var/www/html
  132  00:01  scp /Users/keisuke/.ssh/udemysample.pem /Users/keisuke/Library/CloudStorage/SynologyDrive-ondemnd/SynologyDrive/N01_Projects/2023_accenture/AWS_practitioner/icon.jpeg root@54.199.190.155:/var/www/html
  133  00:01  scp /Users/keisuke/.ssh/udemysample.pem /Users/keisuke/Library/CloudStorage/SynologyDrive-ondemnd/SynologyDrive/N01_Projects/2023_accenture/AWS_practitioner/icon.jpeg root@54.199.190.155:/var/www/html
  134  00:01  -i ~/.ssh/udemysample.pem root@54.199.190.155 -y
  135  00:01  ssh -i ~/.ssh/udemysample.pem root@54.199.190.155 -y
  136  00:01  ssh -i ~/.ssh/udemysample.pem ec2-user@54.199.190.155 -y
  137  00:01  ssh -i ~/.ssh/udemysample.pem ec2-user@54.199.190.155 -y
  138  00:01  scp /Users/keisuke/.ssh/udemysample.pem /Users/keisuke/Library/CloudStorage/SynologyDrive-ondemnd/SynologyDrive/N01_Projects/2023_accenture/AWS_practitioner/icon.jpeg /var/www/html
  139  00:01  scp /Users/keisuke/.ssh/udemysample.pem /Users/keisuke/Library/CloudStorage/SynologyDrive-ondemnd/SynologyDrive/N01_Projects/2023_accenture/AWS_practitioner/icon.jpeg root@@54.199.190.155:/var/www/html
  140  00:01  ssh -i ~/.ssh/udemysample.pem ec2-user@54.199.190.155 -y
  141  00:01  scp /Users/keisuke/.ssh/udemysample.pem /Users/keisuke/Library/CloudStorage/SynologyDrive-ondemnd/SynologyDrive/N01_Projects/2023_accenture/AWS_practitioner/icon.jpeg ec2-user@54.199.190.155:/var/www/html
  142  00:01  sudo powermetrics --samplers smc |grep -i "CPU die temperature"\n
  143  00:01  /Users/keisuke/.pyenv/versions/3.9.11/bin/python "/Users/keisuke/Library/CloudStorage/SynologyDrive-ondemand/SynologyDrive/N04_Archives/New_folder/New_folder 2/pdf_lock_all_PyPDF.py"
  144  00:01   /usr/bin/env /Users/keisuke/.pyenv/versions/3.9.11/bin/python /Users/keisuke/.vscode/extensions/ms-python.debugpy-2024.6.0-darwin-x64/bundled/libs/debugpy/adapter/../../debugpy/launcher 52913 -- /Users/keisuke/Library/CloudStorage/SynologyDrive-ondemand/SynologyDrive/N04_Archives/New_folder/New_folder\ 2/pdf_lock_all_PyPDF.py 
  145  00:01   /usr/bin/env /Users/keisuke/.pyenv/versions/3.9.11/bin/python /Users/keisuke/.vscode/extensions/ms-python.debugpy-2024.6.0-darwin-x64/bundled/libs/debugpy/adapter/../../debugpy/launcher 52913 -- /Users/keisuke/Library/CloudStorage/SynologyDrive-ondemand/SynologyDrive/N04_Archives/New_folder/New_folder\ 2/pdf_lock_all_PyPDF.py 
  146  00:01  pwd
  147  00:01  python pdf_lock_all_PyPDF.py
  148  00:01  python pdf_lock_all_PyPDF.py
  149  00:01  /usr/bin/python3 /Users/keisuke/.vscode/extensions/ms-python.python-2024.8.1/python_files/printEnvVariablesToFile.py /Users/keisuke/.vscode/extensions/ms-python.python-2024.8.1/python_files/deactivate/zsh/envVars.txt
  150  00:01  python pdf_lock_all_PyPDF.py
  151  00:01  python pdf_lock_all_PyPDF.py
  152  00:01  pip list
  153  00:01  python pdf_lock_all_PyPDF.py
  154  00:01  python pdf_lock_all_PyPDF.py
  155  00:01  python pdf_lock_all_PyPDF.py
  156  00:01  python pdf_lock_all_PyPDF.py
  157  00:01  python pdf_lock_all_PyPDF.py
  158  00:01  python pdf_lock_all_PyPDF.py
  159  00:01  python pdf_lock_all_PyPDF.py
  160  00:01  python pdf_lock_all_PyPDF.py
  161  00:01  python pdf_lock_all_PyPDF.py
  162  00:01  python pdf_lock_all_PyPDF.py
  163  00:01  python pdf_lock_all_PyPDF.py
  164  00:01  python pdf_lock_all_PyPDF.py
  165  00:01  python pdf_lock_all_PyPDF.py
  166  00:01  /usr/bin/python3 /Users/keisuke/.vscode/extensions/ms-python.python-2024.10.0-darwin-arm64/python_files/printEnvVariablesToFile.py /Users/keisuke/.vscode/extensions/ms-python.python-2024.10.0-darwin-arm64/python_files/deactivate/zsh/envVars.txt
  167  00:01  /Users/keisuke/.pyenv/versions/3.9.11/bin/python "/Users/keisuke/Library/CloudStorage/SynologyDrive-ondemand/SynologyDrive/N04_Archives/New_folder/New_folder 2/JPGtoPDF_merge_onMac/mergeJtoP.py"
  168  00:01  /Users/keisuke/.pyenv/versions/3.9.11/bin/python "/Users/keisuke/Library/CloudStorage/SynologyDrive-ondemand/SynologyDrive/N04_Archives/New_folder/New_folder 2/JPGtoPDF_merge_onMac/jpgPDF.py"
  169  00:01  /Users/keisuke/.pyenv/versions/3.9.11/bin/python "/Users/keisuke/Library/CloudStorage/SynologyDrive-ondemand/SynologyDrive/N04_Archives/New_folder/New_folder 2/JPGtoPDF_merge_onMac/jpgPDF.py"
  170  00:01  /Users/keisuke/.pyenv/versions/3.9.11/bin/python "/Users/keisuke/Library/CloudStorage/SynologyDrive-ondemand/SynologyDrive/N04_Archives/New_folder/New_folder 2/JPGtoPDF_merge_onMac/jpgPDF.py"
  171  00:01  /Users/keisuke/.pyenv/versions/3.9.11/bin/python "/Users/keisuke/Library/CloudStorage/SynologyDrive-ondemand/SynologyDrive/N04_Archives/New_folder/New_folder 2/JPGtoPDF_merge_onMac/mergeJtoP.py"
  172  00:01  /Users/keisuke/.pyenv/versions/3.9.11/bin/python "/Users/keisuke/Library/CloudStorage/SynologyDrive-ondemand/SynologyDrive/N04_Archives/New_folder/New_folder 2/JPGtoPDF_merge_onMac/mergeJtoP.py"
  173  00:01  /Users/keisuke/.pyenv/versions/3.9.11/bin/python "/Users/keisuke/Library/CloudStorage/SynologyDrive-ondemand/SynologyDrive/N04_Archives/New_folder/New_folder 2/JPGtoPDF_merge_onMac/mergeJtoP.py"
  174  00:01  /Users/keisuke/.pyenv/versions/3.9.11/bin/python "/Users/keisuke/Library/CloudStorage/SynologyDrive-ondemand/SynologyDrive/N04_Archives/New_folder/New_folder 2/JPGtoPDF_merge_onMac/mergeJtoP.py"
  175  00:01  /Users/keisuke/.pyenv/versions/3.9.11/bin/python "/Users/keisuke/Library/CloudStorage/SynologyDrive-ondemand/SynologyDrive/N04_Archives/New_folder/New_folder 2/JPGtoPDF_merge_onMac/mergeJtoP.py"
  176  00:01  /Users/keisuke/.pyenv/versions/3.9.11/bin/python "/Users/keisuke/Library/CloudStorage/SynologyDrive-ondemand/SynologyDrive/N04_Archives/New_folder/New_folder 2/JPGtoPDF_merge_onMac/mergeJtoP.py"
  177  00:01  /usr/bin/python3 /Users/keisuke/.vscode/extensions/ms-python.python-2024.10.0-darwin-arm64/python_files/printEnvVariablesToFile.py /Users/keisuke/.vscode/extensions/ms-python.python-2024.10.0-darwin-arm64/python_files/deactivate/zsh/envVars.txt
  178  00:01  python pdf_lock_all_PyPDF.py
  179  00:01  /usr/bin/python3 /Users/keisuke/.vscode/extensions/ms-python.python-2024.10.0-darwin-arm64/python_files/printEnvVariablesToFile.py /Users/keisuke/.vscode/extensions/ms-python.python-2024.10.0-darwin-arm64/python_files/deactivate/zsh/envVars.txt
  180  00:01  python jpgPDF.py
  181  00:01  python jpgPDF.py
  182  00:01  python jpgPDF.py
  183  00:01  /usr/bin/python3 /Users/keisuke/.vscode/extensions/ms-python.python-2024.10.0-darwin-arm64/python_files/printEnvVariablesToFile.py /Users/keisuke/.vscode/extensions/ms-python.python-2024.10.0-darwin-arm64/python_files/deactivate/zsh/envVars.txt
  184  00:01  python '/Users/keisuke/Library/CloudStorage/SynologyDrive-ondemand/SynologyDrive/N04_Archives/New_folder/New_folder 2/New_folder_book/pdf_lock_all_PyPDF_PyPDF3対応.py'
  185  00:01  python '/Users/keisuke/Library/CloudStorage/SynologyDrive-ondemand/SynologyDrive/N04_Archives/New_folder/New_folder 2/New_folder_book/pdf_lock_all_PyPDF_PyPDF3対応.py'
  186  00:01  python '/Users/keisuke/Library/CloudStorage/SynologyDrive-ondemand/SynologyDrive/N04_Archives/New_folder/New_folder 2/New_folder_book/pdf_lock_all_PyPDF_PyPDF3対応.py'
  187  00:01  python '/Users/keisuke/Library/CloudStorage/SynologyDrive-ondemand/SynologyDrive/N04_Archives/New_folder/New_folder 2/New_folder_book/pdf_lock_all_PyPDF_PyPDF3対応.py'
  188  00:01  /usr/bin/python3 /Users/keisuke/.vscode/extensions/ms-python.python-2024.10.0-darwin-arm64/python_files/printEnvVariablesToFile.py /Users/keisuke/.vscode/extensions/ms-python.python-2024.10.0-darwin-arm64/python_files/deactivate/zsh/envVars.txt
  189  00:01  psql
  190  00:01  mysql
  191  00:01  psql
  192  00:01  brew install psql
  193  00:01  psql
  194  00:01  brew install postgresql
  195  00:01  vi aws_rds_pass.txt
  196  00:01  brew update
  197  00:01  ssh -i ~/.ssh/udemysample.pem ec2-user@54.199.190.155 -y
  198  00:01  ssh -i ~/.ssh/udemysample.pem ec2-user@54.199.190.155 -y
  199  00:01  ssh -i ~/.ssh/udemysample.pem ec2-user@54.199.190.155 -y
  200  00:01  ssh -i ~/.ssh/udemysample.pem ec2-user@54.199.190.155 -y
  201  00:01  vi
  202  00:01  vim
  203  00:01  ls
  204  00:01  ls | serchstr"icon"
  205  00:01  ls | serchstr "icon"
  206  00:01  ls | grep  "icon"
  207  00:01  ls | grep "icon"
  208  00:01  react -v
  209  00:01  node -v
  210  00:01  node -v
  211  00:01  npx create-react-app todo-list
  212  00:01  cd todo-list
  213  00:01  code .
  214  00:01  git init
  215  00:01  git branch
  216  00:01  git branch feature
  217  00:01  git branch
  218  00:01  git add. 
  219  00:01  git add .
  220  00:01  git commit -m"remove unused file"
  221  00:01  git branch
  222  00:01  git branch -d feature
  223  00:01  git branch
  224  00:01  git branch feature
  225  00:01  git checkout feature
  226  00:01  npm start
  227  00:01  pyenv
  228  00:01  pyenv versions
  229  00:01  pip
  230  00:01  pyenv
  231  00:01  pyenv versions
  232  00:01  vi react_memo.txt
  233  00:01  vi react_memo.txt
  234  00:01  git add .
  235  00:01  git commit -m"タスクの追加機能実装"
  236  00:01  git status
  237  00:01  git log
  238  00:01  git diff master
  239  00:01  git branch
  240  00:01  npm install uuid
  241  00:01  npm start
  242  00:01  npm start
  243  00:01  git branch
  244  00:01  git add .
  245  00:01  git commit -m"checkboxトグル選択機能、削除機能の追加"
  246  00:01  git checkout master
  247  00:01  git checkout feature
  248  00:01  git diff master
  249  00:01  git branch
  250  00:01  git checkout master
  251  00:01  git diff feature
  252  00:01  git diff feature App.js
  253  00:01  git diff 'feature App.js'
  254  00:01  git diff './feature App.js'
  255  00:01  git merge feature
  256  00:01  npm start
  257  00:01  git commit
  258  00:01  git diff feature
  259  00:01  git branch test
  260  00:01  git checkout test
  261  00:01  pwd
  262  00:01  vim test.txt
  263  00:01  ls
  264  00:01  git add .
  265  00:01  git commi -m"testファイルを追加"
  266  00:01  git commit -m"testファイルを追加”\n\n\nq
  267  00:01  git commit -m"testファイルを追加”
  268  00:01  git commit -m"test"
  269  00:01  vim test2.txt
  270  00:01  git add .
  271  00:01  git commit -m"test2”
  272  00:01  git commit -m"test2"
  273  00:01  git log
  274  00:01  git merge -abort
  275  00:01  git merge --abort
  276  00:01  git reset --soft HEAD^
  277  00:01  git reset HEAD^
  278  00:01  git log
  279  00:01  git add .
  280  00:01  git commit -m"test"
  281  00:01  npm start
  282  00:01  vim crawling.py
  283  00:01  git init
  284  00:01  git add. 
  285  00:01  git commit -m"first commit"
  286  00:01  git add . 
  287  00:01  git commit -m"first commit"
  288  00:01  pyenv
  289  00:01  pyenv versions
  290  00:01  pip list
  291  00:01  pip install requests
  292  00:01  pip install panda
  293  00:01  pip install pandas
  294  00:01  ls
  295  00:01  python crawling.py
  296  00:01  python crawling.py
  297  00:01  python crawling.py
  298  00:01  python crawling.py
  299  00:01  python crawling.py
  300  00:01  git add .
  301  00:01  git commit -m"雛形の作成"
  302  00:01  git branch feature
  303  00:01  git checkout feature
  304  00:01  git log
  305  00:01  git diff master
  306  00:01  /usr/bin/python3 /Users/keisuke/.vscode/extensions/ms-python.python-2024.12.2-darwin-arm64/python_files/printEnvVariablesToFile.py /Users/keisuke/.vscode/extensions/ms-python.python-2024.12.2-darwin-arm64/python_files/deactivate/zsh/envVars.txt
  307  00:01  /Users/keisuke/.pyenv/versions/3.9.11/bin/python /Users/keisuke/Library/CloudStorage/SynologyDrive-ondemand/SynologyDrive/N01_Projects/programing_lesson/N01_Python/list.py
  308  00:01  /Users/keisuke/.pyenv/versions/3.9.11/bin/python /Users/keisuke/Library/CloudStorage/SynologyDrive-ondemand/SynologyDrive/N01_Projects/programing_lesson/N01_Python/list.py
  309  00:01  /Users/keisuke/.pyenv/versions/3.9.11/bin/python /Users/keisuke/Library/CloudStorage/SynologyDrive-ondemand/SynologyDrive/N01_Projects/programing_lesson/N01_Python/list.py
  310  00:01  /Users/keisuke/.pyenv/versions/3.9.11/bin/python /Users/keisuke/Library/CloudStorage/SynologyDrive-ondemand/SynologyDrive/N01_Projects/programing_lesson/N01_Python/list.py
  311  00:01  /Users/keisuke/.pyenv/versions/3.9.11/bin/python /Users/keisuke/Library/CloudStorage/SynologyDrive-ondemand/SynologyDrive/N01_Projects/programing_lesson/N01_Python/list.py
  312  00:01  python for文で複利計算.py
  313  00:01  /usr/bin/python3 /Users/keisuke/.vscode/extensions/ms-python.python-2024.12.3-darwin-arm64/python_files/printEnvVariablesToFile.py /Users/keisuke/.vscode/extensions/ms-python.python-2024.12.3-darwin-arm64/python_files/deactivate/zsh/envVars.txt
  314  00:01  pip install pandas install -q -U google-generativeai
  315  00:01  pip install -q -U google-generativeai
  316  00:01  pip install --upgrade pip
  317  00:01  pip install -q -U google-generativeai
  318  00:01  pip list
  319  00:01  pip install python-dotenv\n
  320  00:01  git init
  321  00:01  git log
  322  00:01  git branch
  323  00:01  git branch feature
  324  00:01  pip --version
  325  00:01  /usr/bin/python3 /Users/keisuke/.vscode/extensions/ms-python.python-2024.12.3-darwin-arm64/python_files/printEnvVariablesToFile.py /Users/keisuke/.vscode/extensions/ms-python.python-2024.12.3-darwin-arm64/python_files/deactivate/zsh/envVars.txt
  326  00:01  vi GeminiAPIKey.txt
  327  00:01  aws
  328  00:01  aws configure
  329  00:01  aws configure
  330  00:01  cat ~/.aws/credentials
  331  00:01  aws configure list
  332  00:01  aws s3 ls
  333  00:01  aws ec2 ls
  334  00:01  aws get-instance-tpm-ek-pub
  335  00:01  aws ec2 describe-instances
  336  00:01  aws configure
  337  00:01  aws ec2 describe-instances
  338  00:01  ssh -i ~/.ssh/udemysample.pem ec2-user@54.199.190.155 -y
  339  00:01  ヴィvi
  340  00:01  vi
  341  00:01  pwd
  342  00:01  cd desktop
  343  00:01  ls
  344  00:01  vi exer.txt
  345  00:01  ls
  346  00:01  pwd
  347  00:01  rm exer.txt
  348  00:01  undo
  349  00:01  u
  350  00:01  vi test.py
  351  00:01  python test.py
  352  00:01  vi test.py
  353  00:01  python test.py
  354  00:01  python test.py
  355  00:01  vi test.py
  356  00:01  python test.py
  357  00:01  python test.py
  358  00:01  vi test.py
  359  00:01  python test.py
  360  00:01  vim ~/.vimrc\n
  361  00:01  vim ~/.vimrc
  362  00:01  python test.py
  363  00:01  vi test.py
  364  00:01  vi test.py
  365  00:01  python test.py
  366  00:01  vi test.py
  367  00:01  vi test.py
  368  00:01  python test.py
  369  00:01  git log
  370  00:01  vi test.txt
  371  00:01  git add test.py
  372  00:01  git commit -m"first commit\n
  373  00:01  git commit -m"first commit"\n
  374  00:01  git log
  375  00:01  git remote -v
  376  00:01  git branch
  377  00:01  cd TestRepo
  378  00:01  git remote -v
  379  00:01  git add test.py
  380  00:01  git commit -m"first commit"
  381  00:01  git push
  382  00:01  /usr/bin/python3 /Users/keisuke/.vscode/extensions/ms-python.python-2024.12.3-darwin-arm64/python_files/printEnvVariablesToFile.py /Users/keisuke/.vscode/extensions/ms-python.python-2024.12.3-darwin-arm64/python_files/deactivate/zsh/envVars.txt
  383  00:01  /usr/bin/python3 /Users/keisuke/.vscode/extensions/ms-python.python-2024.12.3-darwin-arm64/python_files/printEnvVariablesToFile.py /Users/keisuke/.vscode/extensions/ms-python.python-2024.12.3-darwin-arm64/python_files/deactivate/zsh/envVars.txt
  384  00:01  vi sshconfig.txt
  385  00:01  git clone https://git-codecommit.ap-northeast-1.amazonaws.com/v1/repos/TestRepo
  386  00:01  git credential-manager --version
  387  00:01  brew install git-credential-manager
  388  00:01  git credential-manager --version
  389  00:01  git remote -v
  390  00:01  git init
  391  00:01  git branch
  392  00:01  ssh -i ~/.ssh/udemysample.pem ec2-user@54.199.190.155 -y
  393  00:01  ssh -i ~/.ssh/udemysample.pem ec2-user@54.199.190.155 -y
  394  00:01  ssh -i ~/.ssh/udemysample.pem ec2-user@54.199.190.155 -y
  395  00:01  ssh -i ~/.ssh/udemysample.pem ec2-user@54.199.190.155 -y
  396  00:01  ssh -i ~/.ssh/udemysample.pem ec2-user@54.199.190.155 -y
  397  00:01  pip list
  398  00:01  python --version
  399  00:01  pip install yt_dlp
  400  00:01  /usr/bin/python3 /Users/keisuke/.vscode/extensions/ms-python.python-2024.14.0-darwin-arm64/python_files/printEnvVariablesToFile.py /Users/keisuke/.vscode/extensions/ms-python.python-2024.14.0-darwin-arm64/python_files/deactivate/zsh/envVars.txt
  401  00:01  pip list
  402  00:01  pip install yt_dlp
  403  00:01  git init
  404  00:01  git add .
  405  00:01  git reset
  406  00:01  git add YT_dL.py
  407  00:01  git commit -m"first commit"
  408  00:01  ssh -i ~/.ssh/udemysample.pem ec2-user@54.199.190.155 -y
  409  00:01  ssh -i ~/.ssh/udemysample.pem ec2-user@54.199.190.155 -y
  410  00:01  brew info wine
  411  00:01  brew info twine
  412  00:01  brew tap gcenx/wine
  413  00:01  brew install --cask --no-quarantine wine-crossover
  414  00:01  cd ~/Downloads
  415  00:01  curl -OL https://raw.githubusercontent.com/Winetricks/winetricks/master/src/winetricks
  416  00:01  ls
  417  00:01  brew install winetricks
  418  00:01  winetricks fakejapanese_ipamona
  419  00:01  winetricks fakejapanese_vlgothic
  420  00:01  wine regedit
  421  00:01  winecfg;
  422  00:01  winecfg;
  423  00:01  cd /Users/keisuke/Library/CloudStorage/SynologyDrive-ondemand/SynologyDrive/N03_Resources/BMW_coding/About_Coding_e-sys/E-Sys 3.30.1 + E-Sys Launcher PRO v2.8.1 + Token Generator/E-Sys_3.30.1_Setup.exe
  424  00:01  cd /Users/keisuke/Library/CloudStorage/SynologyDrive-ondemand/SynologyDrive/N03_Resources/BMW_coding/About_Coding_e-sys/E-Sys 3.30.1 + E-Sys Launcher PRO v2.8.1 + Token Generator/
  425  00:01  cd /Users/keisuke/Library/CloudStorage/SynologyDrive-ondemand/SynologyDrive/N03_Resources/BMW_coding/About_Coding_e-sys/E-Sys 3.30.1 + E-Sys Launcher PRO v2.8.1 + Token Generator
  426  00:01  test "$?BASH_VERSION" = "0" || eval 'setenv() { export "$1=$2"; }';                setenv PATH "/Applications/Wine Crossover.app/Contents/Resources/start/bin:/Applications/Wine Crossover.app/Contents/Resources/wine/bin:$PATH"; winehelp --clear
  427  00:01  test "$?BASH_VERSION" = "0" || eval 'setenv() { export "$1=$2"; }';                setenv PATH "/Applications/Wine Crossover.app/Contents/Resources/start/bin:/Applications/Wine Crossover.app/Contents/Resources/wine/bin:$PATH"; winehelp --clear
  428  00:01  appdb
  429  00:01  cd /Users/keisuke/Library/CloudStorage/SynologyDrive-ondemand/SynologyDrive/N03_Resources/BMW_coding/About_Coding_e-sys/E-Sys 3.30.1 + E-Sys Launcher PRO v2.8.1 + Token Generator/
  430  00:01  cd /Users/keisuke/Library/CloudStorage/SynologyDrive-ondemand/SynologyDrive/N03_Resources/BMW_coding/About_Coding_e-sys/E-Sys 3.30.1 + E-Sys Launcher PRO v2.8.1 + Token Generator
  431  00:01  cd Downloads
  432  00:01  ls
  433  00:01  wine E-Sys_3.30.1_Setup.exe
  434  00:01  wine E-Sys_Launcher_PRO_v2.8.1_Build_155.msi
  435  00:01  wine E-Sys_3.30.1_Setup.exe
  436  00:01  cd /Users/keisuke/Library/CloudStorage/SynologyDrive-ondemand/SynologyDrive/N03_Resources/game_Emulater_9月-04-191555-2023_Conflict/ROM_windows_classic_game/MSoinball/3d_pinball.msi
  437  00:01  cd /Users/keisuke/Library/CloudStorage/SynologyDrive-ondemand/SynologyDrive/N03_Resources/game_Emulater_9月-04-191555-2023_Conflict/ROM_windows_classic_game/MSoinball/
  438  00:01  ls
  439  00:01  wine 3d_pinball.msi
  440  00:01  cd /Users/keisuke/.wine/drive_c/EC-Apps/ESG/E-Sys/E-Sys.exe
  441  00:01  cd /Users/keisuke/.wine/drive_c/EC-Apps/ESG/E-Sys
  442  00:01  ls
  443  00:01  wine E-Sys.exe
  444  00:01  cd ~/Downloads
  445  00:01  ls
  446  00:01  wine 3d_pinball.msi
  447  00:01  wine /Users/keisuke/.wine/drive_c/Program Files (x86)/Windows NT/Pinball/PINBALL.EXE
  448  00:01  wine /Users/keisuke/.wine/drive_c/Program Files (x86)/Windows NT/Pinball/
  449  00:01  wine /Users/keisuke/.wine/drive_c/Program Files (x86)/Windows NT/Pinball/PINBALL.EXE
  450  00:01  cd /Users/keisuke/.wine/drive_c/Program Files (x86)/Windows NT/Pinball/
  451  00:01  cd /Users/keisuke/.wine/drive_c/Program Files (x86)/Windows NT/Pinball/
  452  00:01  cd
  453  00:01  cd /Users/keisuke/.wine/drive_c/Program Files (x86)/Windows NT/Pinball/
  454  00:01  cd "/Users/keisuke/.wine/drive_c/Program Files (x86)/Windows NT/Pinball/"
  455  00:01  ls
  456  00:01  wine  PINBALL.exe
  457  00:01  test "$?BASH_VERSION" = "0" || eval 'setenv() { export "$1=$2"; }';                setenv PATH "/Applications/Wine Crossover.app/Contents/Resources/start/bin:/Applications/Wine Crossover.app/Contents/Resources/wine/bin:$PATH"; winehelp --clear
  458  00:01  winecfg
  459  00:01  appdb 3d
  460  00:01  wine
  461  00:01  wine --help
  462  00:01  wine --help
  463  00:01  wine 3d_pinball
  464  00:01  winecfg
  465  00:01  test "$?BASH_VERSION" = "0" || eval 'setenv() { export "$1=$2"; }';                setenv PATH "/Applications/Wine Crossover.app/Contents/Resources/start/bin:/Applications/Wine Crossover.app/Contents/Resources/wine/bin:$PATH"; winehelp --clear
  466  00:01  test "$?BASH_VERSION" = "0" || eval 'setenv() { export "$1=$2"; }';                setenv PATH "/Applications/Wine Crossover.app/Contents/Resources/start/bin:/Applications/Wine Crossover.app/Contents/Resources/wine/bin:$PATH"; winehelp --clear
  467  00:01  cd /Users/keisuke/Library/CloudStorage/SynologyDrive-ondemand/SynologyDrive/N03_Resources/game_Emulater_9月-04-191555-2023_Conflict/ROM_windows_classic_game/MSoinball/
  468  00:01  msiexec /i 3d_pinball.msi
  469  00:01   winecfg
  470  00:01  test "$?BASH_VERSION" = "0" || eval 'setenv() { export "$1=$2"; }';                setenv PATH "/Applications/Wine Crossover.app/Contents/Resources/start/bin:/Applications/Wine Crossover.app/Contents/Resources/wine/bin:$PATH"; winehelp --clear
  471  00:01  winecfg
  472  00:01  cd /Users/keisuke/.wine/drive_c/EC-Apps/ESG/E-Sys
  473  00:01  ls
  474  00:01  wine E-sys.exe
  475  00:01  winecfg
  476  00:01  wine E-sys.exe
  477  00:01  winecfg
  478  00:01  wine E-sys.exe
  479  00:01  winetricks dlls list
  480  00:01  winetricks ole32 riched20
  481  00:01  wine E-sys.exe
  482  00:01  test "$?BASH_VERSION" = "0" || eval 'setenv() { export "$1=$2"; }';                setenv PATH "/Applications/Wine Crossover.app/Contents/Resources/start/bin:/Applications/Wine Crossover.app/Contents/Resources/wine/bin:$PATH"; winehelp --clear
  483  00:01  cd /Users/keisuke/Library/CloudStorage/SynologyDrive-ondemand/SynologyDrive/N03_Resources/BMW_coding/About_Coding_e-sys/E-Sys 3.30.1 + E-Sys Launcher PRO v2.8.1 + Token Generator 2
  484  00:01  cd "/Users/keisuke/Library/CloudStorage/SynologyDrive-ondemand/SynologyDrive/N03_Resources/BMW_coding/About_Coding_e-sys/E-Sys 3.30.1 + E-Sys Launcher PRO v2.8.1 + Token Generator 2"
  485  00:01  ls
  486  00:01  msiexec /i E-Sys_Launcher_PRO_v2.8.1_Build_155.msi
  487  00:01  msiexec /i E-Sys_Launcher_PRO_v2.8.1_Build_155.msi
  488  00:01  winecfg
  489  00:01  msiexec /i E-Sys_Launcher_PRO_v2.8.1_Build_155.msi
  490  00:01  winecfg
  491  00:01  msiexec /i E-Sys_Launcher_PRO_v2.8.1_Build_155.msi
  492  00:01  cd "/Users/keisuke/Library/CloudStorage/SynologyDrive-ondemand/SynologyDrive/N03_Resources/game_Emulater_9月-04-191555-2023_Conflict/ROM_windows_classic_game/xp-cards-master/xp-cards-master"
  493  00:01  wine sol.exe
  494  00:01  winecfg
  495  00:01  ssh admin@192.168.10.1 -p 22
  496  00:01  ssh admin@14.9.49.193 -p 22
  497  00:01  ssh admin@14.9.49.193 -p 22
  498  00:01  ssh admin@192.168.10.103 -p 22
  499  00:01  ssh adminkk@192.168.10.103 -p 22
  500  00:01  ssh keisuke@192.168.10.103 -p 22
  501  00:01  ssh keisuke@192.168.10.103 -p 22
  502  00:01  ssh adminkk@192.168.10.103 -p 22
  503  00:01  git log
  504  00:01  git remote add TodoAPP https://github.com/keisukeoyamada/TodoAPP.git
  505  00:01  git branch
  506  00:01  git branch master
  507  00:01  git checkout master
  508  00:01  git diff test
  509  00:01  npm start
  510  00:01  npm start
  511  00:01  git push TodoAPP master
  512  00:01  ls
  513  00:01  git pull TodoAPP master
  514  00:01  git add .
  515  00:01  npm start
  516  00:01  npm start
  517  00:01  npm start
  518  00:01  git add comp.js
  519  00:01  git commit
  520  00:01  git commit
  521  00:01  git add .
  522  00:01  git add .
  523  00:01  git branch
  524  00:01  git add.
  525  00:01  git add .
  526  00:01  rm /Users/keisuke/Library/CloudStorage/SynologyDrive-ondemand/SynologyDrive/N01_Projects/programing_lesson/React/todo-list/.git/index.lock\n
  527  00:01  git add .
  528  00:01  rm /Users/keisuke/Library/CloudStorage/SynologyDrive-ondemand/SynologyDrive/N01_Projects/programing_lesson/React/todo-list/.git/index.lock
  529  00:01  git log
  530  00:01  git add .
  531  00:01  git log
  532  00:01  git pull
  533  00:01  git pull TodoAPP master
  534  00:01  git log
  535  00:01  git checkout 26dbcff0b78fc0daa3a0ae4bcea0f8b91e0546e8
  536  00:01  ls
  537  00:01  git restore .
  538  00:01  git log
  539  00:01  git branch
  540  00:01  git checkout master
  541  00:01  git pull TodoAPP
  542  00:01  git pull TodoAPP master
  543  00:01  git branch
  544  00:01  git checkout feature
  545  00:01  git checkout master
  546  00:01  git branch -d feature
  547  00:01  git branch 
  548  00:01  git checkout feature/fixlooking
  549  00:01  git checkout -b  feature/fixlooking
  550  00:01  npm start
  551  00:01  cd /Users/keisuke/Library/CloudStorage/SynologyDrive-ondemand/SynologyDrive/N01_Projects/programing_lesson/React/todo-list
  552  00:01  code .
  553  00:01  code .
  554  00:01  code
  555  00:01  code
  556  00:01  code .
  557  00:01  npm start
  558  00:01  cd /Users/keisuke/.ssh/udemysample.pem
  559  00:01  cd "/Users/keisuke/.ssh/udemysample.pem"
  560  00:01  cwd
  561  00:01  ls
  562  00:01  cd ..
  563  00:01  ls
  564  00:01  cd ..
  565  00:01  ls
  566  00:01  cd "/Users/keisuke/.ssh/udemysample.pem"
  567  00:01  cd "/Users/keisuke/.ssh/"
  568  00:01  ls
  569  00:01  ssh ec2-user@54.238.254.90
  570  00:01  ssh -i udemysample.pem ec2-user@54.238.254.90
  571  00:01  scp -i udemysample.pem ec2-user@54.238.254.90:/var/www/html ~/Desktop
  572  00:01  scp -i udemysample.pem ec2-user@54.238.254.90:/var/www/html/ ~/Desktop
  573  00:01  scp -i udemysample.pem -r ec2-user@54.238.254.90:/var/www/html/ ~/Desktop
  574  00:01  cd "/Users/keisuke/Library/CloudStorage/SynologyDrive-ondemand/SynologyDrive/N01_Projects/programing_lesson/N01_Python/ChatBot/html"
  575  00:01  ls
  576  00:01  vi サーバー構成.txt
  577  00:01  vi env.txt
  578  00:01  cd /Users/keisuke/Library/CloudStorage/SynologyDrive-ondemand/SynologyDrive/N01_Projects/programing_lesson/React/todo-list
  579  00:01  npm start
  580  00:01  node
  581  00:01  ts-node
  582  00:01  npm install -g node
  583  00:01  node --versions
  584  00:01  node --version
  585  00:01  npm install -D ts-node
  586  00:01  ts-node
  587  00:01  npx ts-node
  588  00:01  node
  589  00:01  typescript --version
  590  00:01  npm install -D typescript
  591  00:01  typescript --version
  592  00:01  ts --version
  593  00:01  npm --version
  594  00:01  tsc --version
  595  00:01  npm ls -g typescript
  596  00:01  npm ls typescript
  597  00:01  mkdir sns-app-backend
  598  00:01  cd sns-app-backend
  599  00:01  npm init -y
  600  00:01  npm run test
  601  00:01  npm start
  602  00:01  npm install express pg dotenv
  603  00:01  npm install typescript ts-node @types/express @types/node @types/pg --save-dev
  604  00:01  npx tsc --init
  605  00:01  ls -la
  606  00:01  history
  607  00:01  mkdir src
  608  00:01  cd src
  609  00:01  vi app.ts
  610  00:01  vi routes.ts
  611  00:01  vi db.ts
  612  00:01  vi app.ts
  613  00:01  vi routes.ts
  614  00:01  vi db.ts
  615  00:01  cd ..
  616  00:01  vi .env
  617  00:01  cd ..
  618  00:01  npm install -g @vue/cli
  619  00:01  npm install -g @vue/cli
  620  00:01  sudo npm install -g @vue/cli
  621  00:01  vue create sns-app-frontend
  622  00:01  sudo vue create frontend
  623  00:01  npx ts-node src/app.ts
  624  00:01  npm run serve
  625  00:01  history > history_cmd.txt
  626  00:01  cd frontend
  627  00:01  npm run serve
  628  00:01  npm run serve
  629  00:01  cd frontend
  630  00:01  npm run serve
  631  00:01  npm run serve
  632  00:01  npm run serve
  633  00:01  npm run serve
  634  00:01  npm run serve
  635  00:01  npm run serve
  636  00:01  npm run serve
  637  00:01  npx tsc --init
  638  00:01  npm run serve
  639  00:01  npm install typescript ts-loader vue-loader @vue/compiler-sfc --save-dev\n
  640  00:01  npm run serve
  641  00:01  npm install typescript --save-dev\n
  642  00:01  npx tsc --init\n
  643  00:01  npm run serve
  644  00:01  ^[[200~npm install axios
  645  00:01  npm install axios\n
  646  00:01  npm fund
  647  00:01  npm install @types/axios --save-dev\n
  648  00:01  npm run serve
  649  00:01  cd frontend
  650  00:01  cd src/components
  651  00:01  vi PostView.vue
  652  00:01  cd
  653  00:01  ls
  654  00:01  cd /Users/keisuke/Desktop/Vue&Node/backend
  655  00:01  cd "/Users/keisuke/Desktop/Vue&Node/backend"
  656  00:01  cd ..
  657  00:01  ls
  658  00:01  npm install axios
  659  00:01  npm fund
  660  00:01  $ npm install axios --save\n
  661  00:01  npm install axios --save\n
  662  00:01  cd frontend
  663  00:01  npm install axios --save\n
  664  00:01  npm list vue-loader\n
  665  00:01  cd backend
  666  00:01  npx ts-node src/app.ts
  667  00:01  npx ts-node src/app.ts
  668  00:01  npx ts-node src/app.ts
  669  00:01  npx ts-node src/app.ts
  670  00:01  npx ts-node src/app.ts
  671  00:01  mkdir backend
  672  00:01  cd backend\nnpm init -y
  673  00:01  npm install express pg dotenv\nnpm install typescript ts-node @types/express @types/node @types/pg --save-dev
  674  00:01  npx tsc --init
  675  00:01  npm install -g @vue/cli
  676  00:01  cd ..
  677  00:01  npm install -g @vue/cli
  678  00:01  node -v
  679  00:01  npm -v
  680  00:01  npm install -g @vue/cli
  681  00:01  vue --version
  682  00:01  vue create frontend
  683  00:01  cd frontend
  684  00:01  npm run serve
  685  00:01  npm run serve
  686  00:01  ps aux | grep node\n
  687  00:01  cd ..
  688  00:01  history > command_his.txt
  689  00:01  git init
  690  00:01  git branch master
  691  00:01  git
  692  00:01  git add .
  693  00:01  git commit -m"initial commit"
  694  00:01  git branch
  695  00:01  git push sns-app master
  696  00:01  git push sns-app origin master
  697  00:01  git push sns-app master
  698  00:01  git remote add sns-app https://github.com/keisukeoyamada/sns-app.git
  699  00:01  git push sns-app master
  700  00:01  git branch --set-upstream-to main/master\n
  701  00:01  git pull
  702  00:01  git checkout main
  703  00:01  git checkout main
  704  00:01  git branch
  705  00:01  git pull
  706  00:01  git branch
  707  00:01  git merge master
  708  00:01  git branch 
  709  00:01  git checkout master
  710  00:01  git log
  711  00:01  git branch
  712  00:01  git checkout master
  713  00:01  git branch
  714  00:01  git add .
  715  00:01  git commit -m"initial commit"
  716  00:01  git checkout mastere
  717  00:01  git checkout master
  718  00:01  git branch
  719  00:01  git branch -r
  720  00:01  git branch -a
  721  00:01  git push remotes/sns-app/master master
  722  00:01  git push sns-app remotes/sns-app/master master
  723  00:01  git branch
  724  00:01  git branch --set-upstream-to sns-app/main  master
  725  00:01  git pull
  726  00:01  git checkout main
  727  00:01  git pull
  728  00:01  git checkout master
  729  00:01  git push sns-app main
  730  00:01  git push sns-app main
  731  00:01  git add .
  732  00:01  git commit -m"second commit"
  733  00:01  git add .
  734  00:01  git commit -m"second commit"
  735  00:01  git commit -a
  736  00:01  git commit -a
  737  00:01  git add command_his.txt
  738  00:01  git commit -m"command_his.txt"
  739  00:01  git add frontend
  740  00:01  git commit -m "Update frontend directory"\n
  741  00:01  git commit -m "Update frontend directory"
  742  00:01  git pull sns-app main
  743  00:01  git add frontend
  744  00:01  git commit -m "Update frontend directory"
  745  00:01  git restore
  746  00:01  git push sns-app main
  747  00:01  git add frontend
  748  00:01  git commit -m "Update frontend directory"
  749  00:01  git remote add sns-app https://github.com/keisukeoyamada/sns-app.git
  750  00:01  git remote rm sns-app
  751  00:01  git remote add sns-app https://github.com/keisukeoyamada/sns-app.git
  752  00:01  git config
  753  00:01  git config
  754  00:01  git branch -a
  755  00:01  git push sns-app main
  756  00:01  git pull main
  757  00:01  git pull sns-app main
  758  00:01  git config pull.rebase false
  759  00:01  git push sns-app main
  760  00:01  git pull
  761  00:01  git pull sns-app main
  762  00:01  git push sns-app main
  763  00:01  git pull sns-app main --allow-unrelated-histories\n
  764  00:01  git push sns-app main
  765  00:01  git add .
  766  00:01  git commi -m"test"
  767  00:01  git commit -m"test"
  768  00:01  git add .
  769  00:01  git commit -m"test"
  770  00:01  git add
  771  00:01  git commit -m"test"
  772  00:01  git add .
  773  00:01  git commit -m"test"
  774  00:01  vue add vuetify
  775  00:01  cd frontend
  776  00:01  vue add vuetify
  777  00:01  npm uninstall vuetify
  778  00:01  npm install vuetify
  779  00:01  npm list vue\nnpm list vuetify
  780  00:01  npm cache clean --force\n
  781  00:01  npm run serve
  782  00:01  npm install -g express-generator
  783  00:01  npm install -g express-generator
  784  00:01  sudo chown -R $(whoami)　/usr/local/lib/node_modules/express-generator
  785  00:01  sudo chown -R $(whoami) /usr/local/lib/node_modules/express-generator
  786  00:01  sudo npm install -g express-generator
  787  00:01  express -e backend
  788  00:01  cd backend
  789  00:01  npm install
  790  00:01  sudo npm install
  791  00:01  npm start
  792  00:01  sudo npm start
  793  00:01  cd frontend
  794  00:01  npm run serve
  795  00:01  npm run serve
  796  00:01  npm install vue@next vue-loader@next typescript ts-loader vue-ts-loader --save-dev\n
  797  00:01  npm install vue-loader@^16 @vue/compiler-sfc@^3 @typescript-eslint/parser @typescript-eslint/eslint-plugin --save-dev\n
  798  00:01  npm cache clean --force\n
  799  00:01  npm install -g npm\n
  800  00:01  sudo npm cache clean --force\n
  801  00:01  sudo npm install vue-loader@^16 @vue/compiler-sfc@^3 @typescript-eslint/parser @typescript-eslint/eslint-plugin --save-dev\n
  802  00:01  sudo npm install vue-loader@^16 @vue/compiler-sfc@^3 @typescript-eslint/parser @typescript-eslint/eslint-plugin --save-dev
  803  00:01  npm list --depth=0\n
  804  00:01  npm install ts-loader@latest --save-dev
  805  00:01  sudo npm install ts-loader@latest --save-dev
  806  00:01  npm list --depth=0\n
  807  00:01  npm run serve
  808  00:01  npx tsc --init
  809  00:01  npm install vue vue-loader @vue/compiler-sfc --save-dev\n
  810  00:01  sudo npm install vue vue-loader @vue/compiler-sfc --save-dev\n
  811  00:01  sudo npm install --save-dev eslint eslint-plugin-vue @typescript-eslint/parser @typescript-eslint/eslint-plugin\n
  812  00:01  npm list --depth=0\n
  813  00:01  npm install eslint@latest --save-dev\n
  814  00:01  sudo npm install eslint@latest --save-dev\n
  815  00:01  npm list --depth=0\n
  816  00:01  sudo npm install --save-dev eslint-plugin-vue @typescript-eslint/parser @typescript-eslint/eslint-plugin
  817  00:01  npm list --depth=0\n
  818  00:01  sudo npm install --save-dev eslint-plugin-vue@latest\n
  819  00:01  sudo npm install --save-dev @typescript-eslint/parser @typescript-eslint/eslint-plugin\n
  820  00:01  npx tsc --init
  821  00:01  npx tsc --init
  822  00:01  npx tsc --init
  823  00:01  npx tsc
  824  00:01  npx tsc
  825  00:01  npx tsc
  826  00:01  npx tsc
  827  00:01  npx tsc
  828  00:01  npx tsc
  829  00:01  npm run serve
  830  00:01  npm run serve
  831  00:01  npm run serve
  832  00:01  npm list eslint\n
  833  00:01  npm run serve
  834  00:01  sudo npm install vue@next vue-loader@next @vue/compiler-sfc typescript --save\n
  835  00:01  npm show vue version\n
  836  00:01  npm show vue version
  837  00:01  sudo npm show vue version
  838  00:01  sudo npm install vue@latest vue-loader@next @vue/compiler-sfc typescript --save\n
  839  00:01  sudo npm show vue version
  840  00:01  rm -rf node_modules package-lock.json\nsudo npm install\n
  841  00:01  sudo rm -rf node_modules package-lock.json
  842  00:01  sudo npm install
  843  00:01  npm run serve
  844  00:01  sudo npm run serve
  845  00:01  sudo npm run serve
  846  00:01  npx tsc --init
  847  00:01  npm install vue-loader@latest @vue/compiler-sfc@latest typescript@latest --save-dev\n
  848  00:01  sudo chown -R 501:20 "/Users/keisuke/.npm"
  849  00:01  npm install vue-loader@latest @vue/compiler-sfc@latest typescript@latest --save-dev\n
  850  00:01  sudo npm install vue-loader@latest @vue/compiler-sfc@latest typescript@latest --save-dev\n
  851  00:01  npm run serve
  852  00:01  sudo chown -R $(whoami) /Users/keisuke/Desktop/Vue\&Node/frontend/node_modules/.cache
  853  00:01  rm -rf /Users/keisuke/Desktop/Vue\&Node/frontend/node_modules/.cache\n
  854  00:01  sudo rm -rf /Users/keisuke/Desktop/Vue\&Node/frontend/node_modules/.cache\n
  855  00:01  npm install\n
  856  00:01  sudo chown -R $(whoami) /Users/keisuke/Desktop/Vue&Node/frontend/package-lock.json
  857  00:01  sudo chown -R $(whoami) '/Users/keisuke/Desktop/Vue&Node/frontend/package-lock.json'
  858  00:01  npm install\n
  859  00:01  sudo chown $(whoami) /Users/keisuke/Desktop/Vue\&Node/frontend/node_modules/.package-lock.json\n
  860  00:01  npm install\n
  861  00:01  npm run serve
  862  00:01  sudo chown -R $(whoami) /Users/keisuke/Desktop/Vue\&Node/frontend/node_modules\n
  863  00:01  npm run serve
  864  00:01  sudo npm run serve
  865  00:01  cd backend
  866  00:01  npm list --depth=0
  867  00:01  git branch
  868  00:01  git add .
  869  00:01  git commit -m"test"
  870  00:01  git branch main
  871  00:01  git checkout  main
  872  00:01  git add .
  873  00:01  git commit -m"test"
  874  00:01  git merge master
  875  00:01  git pull sns-app main --allow-unrelated-histories\n
  876  00:01  git checkout master
  877  00:01  git add command_his.txt
  878  00:01  git commit -m"command_his.txt"
  879  00:01  git commit -am "command_his.txt"\n
  880  00:01  git commit -am "command_his.txt"\n
  881  00:01  git add
  882  00:01  git add .
  883  00:01  git commit -am "command_his.txt"\n
  884  00:01  $vue create frontend\n
  885  00:01  vue create frontend\n
  886  00:01  vue create frontend\n
  887  00:01  vue create frontend
  888  00:01  vue create frontend
  889  00:01  npm cache clean --force
  890  00:01  rm -rf node_modules
  891  00:01  rm -rf ~/.npm
  892  00:01  sudo npm cache clean --force
  893  00:01  vue create frontend
  894  00:01  git branch
  895  00:01  cd frontend
  896  00:01  npm run serve
  897  00:01  npm install -g express-generator
  898  00:01  sudo npm install -g express-generator
  899  00:01  express -e backend
  900  00:01  cd backend
  901  00:01  npm install
  902  00:01  npm start
  903  00:01  git push sns-app main
  904  00:01  git init
  905  00:01  git add .
  906  00:01  git rm --cached frontend
  907  00:01  git rm --cached frontend -r
  908  00:01  git remote -v
  909  00:01  git remote add sns-app https://github.com/keisukeoyamada/sns-app.git
  910  00:01  git remote -v
  911  00:01  git fetch
  912  00:01  git fetch
  913  00:01  git branch
  914  00:01  git log
  915  00:01  git branch master
  916  00:01  git branch master
  917  00:01  git branch main
  918  00:01  git init
  919  00:01  git branch main
  920  00:01  git add .
  921  00:01  git commit -m"first commit"
  922  00:01  git branch
  923  00:01  git checkout master
  924  00:01  git push sns-app main
  925  00:01  git push sns-app master
  926  00:01  git pull main
  927  00:01  git fetch
  928  00:01  git branch -a
  929  00:01  git pull main
  930  00:01  git pull remotes/sns-app/main
  931  00:01  git push sns-app main
  932  00:01  git pull main
  933  00:01  git pull main -r
  934  00:01  git init
  935  00:01  git clone
  936  00:01  git add .
  937  00:01  git commit -m"first commit"
  938  00:01  git branch
  939  00:01  git remote add threads https://github.com/keisukeoyamada/threads.git
  940  00:01  git branch -M main
  941  00:01  git push -u threads main
  942  00:01  git add -f frontend
  943  00:01  git commit "add git frontend"
  944  00:01  git branch
  945  00:01  cd frontend
  946  00:01  git branch
  947  00:01  git checkout master
  948  00:01  git log
  949  00:01  git branch -d master
  950  00:01  git checkout -b main
  951  00:01  git branch -d master
  952  00:01  git branch -d main
  953  00:01  rm -rf .git
  954  00:01  git status
  955  00:01  cd ..
  956  00:01  rm -rf frontend/.git
  957  00:01  code .
  958  00:01  code .
  959  00:01  code .
  960  00:01  cd
  961  00:01  ls
  962  00:01  cd Downloads
  963  00:01  git clone https://github.com/keisukeoyamada/threads.git
  964  00:01  git log
  965  00:01  git branch
  966  00:01  cd frontend
  967  00:01  git branch
  968  00:01  cd ..
  969  00:01  history
  970  00:01  vi reference_url.txt
  971  00:01  git add .
  972  00:01  git commit -m"reference.txt"
  973  00:01  git push sns-app main
  974  00:01  git push threads main
  975  00:01  git checkout -b feature/view_front
  976  00:01  git branch
  977  00:01  git add frontend
  978  00:01  git  commit
  979  00:01  git add .
  980  00:01  git commit -m"front"
  981  00:01  git push threads main
  982  00:01  git add .
  983  00:01  git commit -m"front"
  984  00:01  git push threads main
  985  00:01  git checkout main
  986  00:01  git branch
  987  00:01  git merge feature/view_front
  988  00:01  git push threads main
  989  00:01  git pull main
  990  00:01  git rebase main
  991  00:01  /usr/bin/python3 /Users/keisuke/.vscode/extensions/ms-python.python-2024.16.1-darwin-arm64/python_files/printEnvVariablesToFile.py /Users/keisuke/.vscode/extensions/ms-python.python-2024.16.1-darwin-arm64/python_files/deactivate/zsh/envVars.txt
  992  00:01  git add .
  993  00:01  git commit -m"test"
  994  00:01  git push threads main
  995  00:01  git branch
  996  00:01  git checkout feature/view_front
  997  00:01  git push threads main
  998  00:01  code.
  999  00:01  code .
 1000  00:01  code .
 1001  00:01  vue create
 1002  00:01  vue create sns
 1003  00:01  npm install axios
 1004  00:01  npm run serve   
 1005  00:01  npm run serve
 1006  00:01  cd sns
 1007  00:01  npm run serve
 1008  00:01  vi refer.txt
 1009  00:01  git remote add sns-app https://github.com/keisukeoyamada/sns-app.git
 1010  00:01  git remote add sns-app https://github.com/keisukeoyamada/sns-app.git
 1011  00:01  ls
 1012  00:01  git init
 1013  00:01  git remote add sns-app https://github.com/keisukeoyamada/sns-app.git
 1014  00:01  git branch -M main
 1015  00:01  git push -u sns-app main
 1016  00:01  git branch
 1017  00:01  git push -u sns-app main
 1018  00:01  git add .
 1019  00:01  git commit -m"first commit"
 1020  00:01  git push -u sns-app main
 1021  00:01  git init
 1022  00:01  vue create -n frontend
 1023  00:01  cd frontend
 1024  00:01  npm run serve
 1025  00:01  git add .
 1026  00:01  git commit -m"first commit"
 1027  00:01  git branch
 1028  00:01  git remote add sns-app https://github.com/keisukeoyamada/sns-app.git
 1029  00:01  git branch -M main
 1030  00:01  git push sns-app main
 1031  00:01  pwd
 1032  00:01  git fetch
 1033  00:01  git pull
 1034  00:01  git pull main
 1035  00:01  git branch -a
 1036  00:01  git checkout main
 1037  00:01  git checkout remoremotes/sns-app/main
 1038  00:01  git branch
 1039  00:01  git fetch
 1040  00:01  git branch
 1041  00:01  git branch
 1042  00:01  git fetch
 1043  00:01  git branch -a
 1044  00:01  git pull
 1045  00:01  git pull sns-app main
 1046  00:01  git pull sns-app main
 1047  00:01  git add Create_DB_DDL.sql
 1048  00:01  git commit -m"add DDL"
 1049  00:01  git push sns-app main
 1050  00:01  docker --version
 1051  00:02  docker run ubuntu:14;04 /bin/echo 'Hello world!'
 1052  00:03  docker info
 1053  00:07  docker info
 1054  00:07  docker run ubuntu:14;04 /bin/echo 'Hello world!'
 1055  00:09  docker run ubuntu:14.04 /bin/echo 'Hello world!'
 1056  00:09  docker run ubuntu:14.04 /bin/echo 'Hello world!'
 1057  00:10  docker run ubuntu:14.04 /bin/bash
 1058  00:11  docker run -t -i ubuntu:14.04 /bin/bash
 1059  00:15  docker run -d ubuntu:14.04 /bin/sh -c"while true; do echo hello world; sleep 1; done"
 1060  00:16  docker ps
 1061  00:17  docker ps
 1062  00:18  docker logs python3
 1063  00:19  docker stop python3
 1064  00:19  docker ps
 1065  00:19  docker run -d ubuntu:14.04 /bin/sh -c"while true; do echo hello world; sleep 1; done"
 1066  00:19  docker ps
 1067  00:21  docker run -d ubuntu:14.04 /bin/sh -c "while true; do echo hello world; sleep 1; done"
 1068  00:21  docker ps
 1069  00:21  docker logs keen_kilby
 1070  00:22  docker stop keen_kilby
 1071  00:23  docker ps
 1072  00:24  docker version
 1073  00:26  docker run -d -P training/webapp python app.py
 1074  00:27  docker run -d -P training/webapp python app.py
 1075  00:32  docker pull
 1076  00:32  docker push
 1077  00:33  docker run -it quay.io/coreos/etcd:v3.5.13
 1078  00:34  docker run -d -P training/webapp python app.py
 1079  00:35  docker version
 1080  00:40  history
 1081  00:43  history 1
 1082  00:43  history1 > 20241018.log
 1083  00:44  history 1 > 20241018.log
 1084  00:44  ls
 1085  00:51  vi ~/.zshrc
 1086  00:53  history 1
 1087  00:53  history 1
 1088  00:54  vi ~/.zshrc
 1089  00:55  history 1
 1090  00:55  history 1 -d
 1091  00:55  history -d
 1092  00:55  history -d 1
 1093  00:56  history -d 1
